Performing C SOURCE FILE Test CMAKE_HAVE_LIBC_PTHREAD failed with the following output:
Change Dir: /home/aryan/sem-4/cg/Assignment_1/CMakeFiles/CMakeTmp

Run Build Command(s):/usr/bin/make cmTC_9208c/fast && /usr/bin/make -f CMakeFiles/cmTC_9208c.dir/build.make CMakeFiles/cmTC_9208c.dir/build
make[1]: Entering directory '/home/aryan/sem-4/cg/Assignment_1/CMakeFiles/CMakeTmp'
Building C object CMakeFiles/cmTC_9208c.dir/src.c.o
/usr/bin/cc   -DCMAKE_HAVE_LIBC_PTHREAD   -o CMakeFiles/cmTC_9208c.dir/src.c.o   -c /home/aryan/sem-4/cg/Assignment_1/CMakeFiles/CMakeTmp/src.c
Linking C executable cmTC_9208c
/usr/bin/cmake -E cmake_link_script CMakeFiles/cmTC_9208c.dir/link.txt --verbose=1
/usr/bin/cc  -DCMAKE_HAVE_LIBC_PTHREAD    CMakeFiles/cmTC_9208c.dir/src.c.o  -o cmTC_9208c 
/usr/bin/ld: CMakeFiles/cmTC_9208c.dir/src.c.o: in function `main':
src.c:(.text+0x46): undefined reference to `pthread_create'
/usr/bin/ld: src.c:(.text+0x52): undefined reference to `pthread_detach'
/usr/bin/ld: src.c:(.text+0x63): undefined reference to `pthread_join'
collect2: error: ld returned 1 exit status
make[1]: *** [CMakeFiles/cmTC_9208c.dir/build.make:87: cmTC_9208c] Error 1
make[1]: Leaving directory '/home/aryan/sem-4/cg/Assignment_1/CMakeFiles/CMakeTmp'
make: *** [Makefile:121: cmTC_9208c/fast] Error 2


Source file was:
#include <pthread.h>

void* test_func(void* data)
{
  return data;
}

int main(void)
{
  pthread_t thread;
  pthread_create(&thread, NULL, test_func, NULL);
  pthread_detach(thread);
  pthread_join(thread, NULL);
  pthread_atfork(NULL, NULL, NULL);
  pthread_exit(NULL);

  return 0;
}

Determining if the function pthread_create exists in the pthreads failed with the following output:
Change Dir: /home/aryan/sem-4/cg/Assignment_1/CMakeFiles/CMakeTmp

Run Build Command(s):/usr/bin/make cmTC_e1d17/fast && /usr/bin/make -f CMakeFiles/cmTC_e1d17.dir/build.make CMakeFiles/cmTC_e1d17.dir/build
make[1]: Entering directory '/home/aryan/sem-4/cg/Assignment_1/CMakeFiles/CMakeTmp'
Building C object CMakeFiles/cmTC_e1d17.dir/CheckFunctionExists.c.o
/usr/bin/cc   -DCHECK_FUNCTION_EXISTS=pthread_create   -o CMakeFiles/cmTC_e1d17.dir/CheckFunctionExists.c.o   -c /usr/share/cmake-3.16/Modules/CheckFunctionExists.c
Linking C executable cmTC_e1d17
/usr/bin/cmake -E cmake_link_script CMakeFiles/cmTC_e1d17.dir/link.txt --verbose=1
/usr/bin/cc  -DCHECK_FUNCTION_EXISTS=pthread_create    CMakeFiles/cmTC_e1d17.dir/CheckFunctionExists.c.o  -o cmTC_e1d17  -lpthreads 
/usr/bin/ld: cannot find -lpthreads
collect2: error: ld returned 1 exit status
make[1]: *** [CMakeFiles/cmTC_e1d17.dir/build.make:87: cmTC_e1d17] Error 1
make[1]: Leaving directory '/home/aryan/sem-4/cg/Assignment_1/CMakeFiles/CMakeTmp'
make: *** [Makefile:121: cmTC_e1d17/fast] Error 2



Performing C SOURCE FILE Test CMAKE_HAVE_LIBC_PTHREAD failed with the following output:
Change Dir: /home/srikar/CG_Assignment_1_game/CMakeFiles/CMakeTmp

Run Build Command(s):/usr/bin/make cmTC_b3b63/fast && /usr/bin/make -f CMakeFiles/cmTC_b3b63.dir/build.make CMakeFiles/cmTC_b3b63.dir/build
make[1]: Entering directory '/home/srikar/CG_Assignment_1_game/CMakeFiles/CMakeTmp'
Building C object CMakeFiles/cmTC_b3b63.dir/src.c.o
/usr/bin/cc   -DCMAKE_HAVE_LIBC_PTHREAD   -o CMakeFiles/cmTC_b3b63.dir/src.c.o   -c /home/srikar/CG_Assignment_1_game/CMakeFiles/CMakeTmp/src.c
Linking C executable cmTC_b3b63
/usr/bin/cmake -E cmake_link_script CMakeFiles/cmTC_b3b63.dir/link.txt --verbose=1
/usr/bin/cc  -DCMAKE_HAVE_LIBC_PTHREAD    CMakeFiles/cmTC_b3b63.dir/src.c.o  -o cmTC_b3b63 
/usr/bin/ld: CMakeFiles/cmTC_b3b63.dir/src.c.o: in function `main':
src.c:(.text+0x46): undefined reference to `pthread_create'
/usr/bin/ld: src.c:(.text+0x52): undefined reference to `pthread_detach'
/usr/bin/ld: src.c:(.text+0x63): undefined reference to `pthread_join'
collect2: error: ld returned 1 exit status
make[1]: *** [CMakeFiles/cmTC_b3b63.dir/build.make:87: cmTC_b3b63] Error 1
make[1]: Leaving directory '/home/srikar/CG_Assignment_1_game/CMakeFiles/CMakeTmp'
make: *** [Makefile:121: cmTC_b3b63/fast] Error 2


Source file was:
#include <pthread.h>

void* test_func(void* data)
{
  return data;
}

int main(void)
{
  pthread_t thread;
  pthread_create(&thread, NULL, test_func, NULL);
  pthread_detach(thread);
  pthread_join(thread, NULL);
  pthread_atfork(NULL, NULL, NULL);
  pthread_exit(NULL);

  return 0;
}

Determining if the function pthread_create exists in the pthreads failed with the following output:
Change Dir: /home/srikar/CG_Assignment_1_game/CMakeFiles/CMakeTmp

Run Build Command(s):/usr/bin/make cmTC_9134b/fast && /usr/bin/make -f CMakeFiles/cmTC_9134b.dir/build.make CMakeFiles/cmTC_9134b.dir/build
make[1]: Entering directory '/home/srikar/CG_Assignment_1_game/CMakeFiles/CMakeTmp'
Building C object CMakeFiles/cmTC_9134b.dir/CheckFunctionExists.c.o
/usr/bin/cc   -DCHECK_FUNCTION_EXISTS=pthread_create   -o CMakeFiles/cmTC_9134b.dir/CheckFunctionExists.c.o   -c /usr/share/cmake-3.16/Modules/CheckFunctionExists.c
Linking C executable cmTC_9134b
/usr/bin/cmake -E cmake_link_script CMakeFiles/cmTC_9134b.dir/link.txt --verbose=1
/usr/bin/cc  -DCHECK_FUNCTION_EXISTS=pthread_create    CMakeFiles/cmTC_9134b.dir/CheckFunctionExists.c.o  -o cmTC_9134b  -lpthreads 
/usr/bin/ld: cannot find -lpthreads
collect2: error: ld returned 1 exit status
make[1]: *** [CMakeFiles/cmTC_9134b.dir/build.make:87: cmTC_9134b] Error 1
make[1]: Leaving directory '/home/srikar/CG_Assignment_1_game/CMakeFiles/CMakeTmp'
make: *** [Makefile:121: cmTC_9134b/fast] Error 2



Performing C SOURCE FILE Test CMAKE_HAVE_LIBC_PTHREAD failed with the following output:
Change Dir: /home/srikar/CG_Assignment_1_game/CMakeFiles/CMakeTmp

Run Build Command(s):/usr/bin/make cmTC_cffef/fast && make[1]: Entering directory '/home/srikar/CG_Assignment_1_game/CMakeFiles/CMakeTmp'
/usr/bin/make -f CMakeFiles/cmTC_cffef.dir/build.make CMakeFiles/cmTC_cffef.dir/build
make[2]: Entering directory '/home/srikar/CG_Assignment_1_game/CMakeFiles/CMakeTmp'
Building C object CMakeFiles/cmTC_cffef.dir/src.c.o
/usr/bin/cc   -DCMAKE_HAVE_LIBC_PTHREAD   -o CMakeFiles/cmTC_cffef.dir/src.c.o   -c /home/srikar/CG_Assignment_1_game/CMakeFiles/CMakeTmp/src.c
Linking C executable cmTC_cffef
/usr/bin/cmake -E cmake_link_script CMakeFiles/cmTC_cffef.dir/link.txt --verbose=1
/usr/bin/cc  -DCMAKE_HAVE_LIBC_PTHREAD    CMakeFiles/cmTC_cffef.dir/src.c.o  -o cmTC_cffef 
/usr/bin/ld: CMakeFiles/cmTC_cffef.dir/src.c.o: in function `main':
src.c:(.text+0x46): undefined reference to `pthread_create'
/usr/bin/ld: src.c:(.text+0x52): undefined reference to `pthread_detach'
/usr/bin/ld: src.c:(.text+0x63): undefined reference to `pthread_join'
collect2: error: ld returned 1 exit status
make[2]: *** [CMakeFiles/cmTC_cffef.dir/build.make:87: cmTC_cffef] Error 1
make[2]: Leaving directory '/home/srikar/CG_Assignment_1_game/CMakeFiles/CMakeTmp'
make[1]: *** [Makefile:121: cmTC_cffef/fast] Error 2
make[1]: Leaving directory '/home/srikar/CG_Assignment_1_game/CMakeFiles/CMakeTmp'


Source file was:
#include <pthread.h>

void* test_func(void* data)
{
  return data;
}

int main(void)
{
  pthread_t thread;
  pthread_create(&thread, NULL, test_func, NULL);
  pthread_detach(thread);
  pthread_join(thread, NULL);
  pthread_atfork(NULL, NULL, NULL);
  pthread_exit(NULL);

  return 0;
}

Determining if the function pthread_create exists in the pthreads failed with the following output:
Change Dir: /home/srikar/CG_Assignment_1_game/CMakeFiles/CMakeTmp

Run Build Command(s):/usr/bin/make cmTC_429e1/fast && make[1]: Entering directory '/home/srikar/CG_Assignment_1_game/CMakeFiles/CMakeTmp'
/usr/bin/make -f CMakeFiles/cmTC_429e1.dir/build.make CMakeFiles/cmTC_429e1.dir/build
make[2]: Entering directory '/home/srikar/CG_Assignment_1_game/CMakeFiles/CMakeTmp'
Building C object CMakeFiles/cmTC_429e1.dir/CheckFunctionExists.c.o
/usr/bin/cc   -DCHECK_FUNCTION_EXISTS=pthread_create   -o CMakeFiles/cmTC_429e1.dir/CheckFunctionExists.c.o   -c /usr/share/cmake-3.16/Modules/CheckFunctionExists.c
Linking C executable cmTC_429e1
/usr/bin/cmake -E cmake_link_script CMakeFiles/cmTC_429e1.dir/link.txt --verbose=1
/usr/bin/cc  -DCHECK_FUNCTION_EXISTS=pthread_create    CMakeFiles/cmTC_429e1.dir/CheckFunctionExists.c.o  -o cmTC_429e1  -lpthreads 
/usr/bin/ld: cannot find -lpthreads
collect2: error: ld returned 1 exit status
make[2]: *** [CMakeFiles/cmTC_429e1.dir/build.make:87: cmTC_429e1] Error 1
make[2]: Leaving directory '/home/srikar/CG_Assignment_1_game/CMakeFiles/CMakeTmp'
make[1]: *** [Makefile:121: cmTC_429e1/fast] Error 2
make[1]: Leaving directory '/home/srikar/CG_Assignment_1_game/CMakeFiles/CMakeTmp'



